<?xml version="1.0" encoding="UTF-8"?>
<testsuite xmlns:xsi="http://www.w3.org/2001/XMLSchema-instance" xsi:noNamespaceSchemaLocation="https://maven.apache.org/surefire/maven-surefire-plugin/xsd/surefire-test-report.xsd" name="TestSuite" time="5.981" tests="1" errors="0" skipped="0" failures="0">
  <properties>
    <property name="sun.desktop" value="windows"/>
    <property name="awt.toolkit" value="sun.awt.windows.WToolkit"/>
    <property name="file.encoding.pkg" value="sun.io"/>
    <property name="java.specification.version" value="1.8"/>
    <property name="sun.cpu.isalist" value="amd64"/>
    <property name="sun.jnu.encoding" value="Cp1252"/>
    <property name="java.class.path" value="C:\Projects\crossbrowser-testing\target\test-classes;C:\Projects\crossbrowser-testing\target\classes;C:\Users\DenisQA\.m2\repository\org\jsoup\jsoup\1.8.3\jsoup-1.8.3.jar;C:\Users\DenisQA\.m2\repository\org\uncommons\reportng\1.1.4\reportng-1.1.4.jar;C:\Users\DenisQA\.m2\repository\velocity\velocity\1.4\velocity-1.4.jar;C:\Users\DenisQA\.m2\repository\velocity\velocity-dep\1.4\velocity-dep-1.4.jar;C:\Users\DenisQA\.m2\repository\com\google\inject\guice\3.0\guice-3.0.jar;C:\Users\DenisQA\.m2\repository\javax\inject\javax.inject\1\javax.inject-1.jar;C:\Users\DenisQA\.m2\repository\aopalliance\aopalliance\1.0\aopalliance-1.0.jar;C:\Users\DenisQA\.m2\repository\org\seleniumhq\selenium\selenium-java\3.12.0\selenium-java-3.12.0.jar;C:\Users\DenisQA\.m2\repository\org\seleniumhq\selenium\selenium-api\3.12.0\selenium-api-3.12.0.jar;C:\Users\DenisQA\.m2\repository\org\seleniumhq\selenium\selenium-chrome-driver\3.12.0\selenium-chrome-driver-3.12.0.jar;C:\Users\DenisQA\.m2\repository\org\seleniumhq\selenium\selenium-edge-driver\3.12.0\selenium-edge-driver-3.12.0.jar;C:\Users\DenisQA\.m2\repository\org\seleniumhq\selenium\selenium-firefox-driver\3.12.0\selenium-firefox-driver-3.12.0.jar;C:\Users\DenisQA\.m2\repository\org\seleniumhq\selenium\selenium-ie-driver\3.12.0\selenium-ie-driver-3.12.0.jar;C:\Users\DenisQA\.m2\repository\org\seleniumhq\selenium\selenium-opera-driver\3.12.0\selenium-opera-driver-3.12.0.jar;C:\Users\DenisQA\.m2\repository\org\seleniumhq\selenium\selenium-remote-driver\3.12.0\selenium-remote-driver-3.12.0.jar;C:\Users\DenisQA\.m2\repository\org\seleniumhq\selenium\selenium-safari-driver\3.12.0\selenium-safari-driver-3.12.0.jar;C:\Users\DenisQA\.m2\repository\org\seleniumhq\selenium\selenium-support\3.12.0\selenium-support-3.12.0.jar;C:\Users\DenisQA\.m2\repository\net\bytebuddy\byte-buddy\1.8.3\byte-buddy-1.8.3.jar;C:\Users\DenisQA\.m2\repository\org\apache\commons\commons-exec\1.3\commons-exec-1.3.jar;C:\Users\DenisQA\.m2\repository\commons-codec\commons-codec\1.10\commons-codec-1.10.jar;C:\Users\DenisQA\.m2\repository\commons-logging\commons-logging\1.2\commons-logging-1.2.jar;C:\Users\DenisQA\.m2\repository\org\apache\httpcomponents\httpclient\4.5.3\httpclient-4.5.3.jar;C:\Users\DenisQA\.m2\repository\org\apache\httpcomponents\httpcore\4.4.6\httpcore-4.4.6.jar;C:\Users\DenisQA\.m2\repository\com\squareup\okhttp3\okhttp\3.9.1\okhttp-3.9.1.jar;C:\Users\DenisQA\.m2\repository\com\squareup\okio\okio\1.13.0\okio-1.13.0.jar;C:\Users\DenisQA\.m2\repository\org\testng\testng\6.14.3\testng-6.14.3.jar;C:\Users\DenisQA\.m2\repository\org\apache-extras\beanshell\bsh\2.0b6\bsh-2.0b6.jar;C:\Users\DenisQA\.m2\repository\org\hamcrest\java-hamcrest\2.0.0.0\java-hamcrest-2.0.0.0.jar;C:\Users\DenisQA\.m2\repository\com\beust\jcommander\1.72\jcommander-1.72.jar;C:\Users\DenisQA\.m2\repository\com\thoughtworks\xstream\xstream\1.4.10\xstream-1.4.10.jar;C:\Users\DenisQA\.m2\repository\xmlpull\xmlpull\1.1.3.1\xmlpull-1.1.3.1.jar;C:\Users\DenisQA\.m2\repository\xpp3\xpp3_min\1.1.4c\xpp3_min-1.1.4c.jar;C:\Users\DenisQA\.m2\repository\com\google\code\gson\gson\2.8.2\gson-2.8.2.jar;C:\Users\DenisQA\.m2\repository\mysql\mysql-connector-java\6.0.6\mysql-connector-java-6.0.6.jar;C:\Users\DenisQA\.m2\repository\org\hibernate\hibernate-core\5.2.12.Final\hibernate-core-5.2.12.Final.jar;C:\Users\DenisQA\.m2\repository\org\jboss\logging\jboss-logging\3.3.0.Final\jboss-logging-3.3.0.Final.jar;C:\Users\DenisQA\.m2\repository\org\hibernate\javax\persistence\hibernate-jpa-2.1-api\1.0.0.Final\hibernate-jpa-2.1-api-1.0.0.Final.jar;C:\Users\DenisQA\.m2\repository\org\javassist\javassist\3.20.0-GA\javassist-3.20.0-GA.jar;C:\Users\DenisQA\.m2\repository\antlr\antlr\2.7.7\antlr-2.7.7.jar;C:\Users\DenisQA\.m2\repository\org\jboss\spec\javax\transaction\jboss-transaction-api_1.2_spec\1.0.1.Final\jboss-transaction-api_1.2_spec-1.0.1.Final.jar;C:\Users\DenisQA\.m2\repository\org\jboss\jandex\2.0.3.Final\jandex-2.0.3.Final.jar;C:\Users\DenisQA\.m2\repository\com\fasterxml\classmate\1.3.0\classmate-1.3.0.jar;C:\Users\DenisQA\.m2\repository\dom4j\dom4j\1.6.1\dom4j-1.6.1.jar;C:\Users\DenisQA\.m2\repository\org\hibernate\common\hibernate-commons-annotations\5.0.1.Final\hibernate-commons-annotations-5.0.1.Final.jar;C:\Users\DenisQA\.m2\repository\javax\xml\bind\jaxb-api\2.3.0\jaxb-api-2.3.0.jar;C:\Users\DenisQA\.m2\repository\com\sun\xml\bind\jaxb-impl\2.3.0\jaxb-impl-2.3.0.jar;C:\Users\DenisQA\.m2\repository\org\glassfish\jaxb\jaxb-runtime\2.3.0\jaxb-runtime-2.3.0.jar;C:\Users\DenisQA\.m2\repository\org\glassfish\jaxb\jaxb-core\2.3.0\jaxb-core-2.3.0.jar;C:\Users\DenisQA\.m2\repository\org\glassfish\jaxb\txw2\2.3.0\txw2-2.3.0.jar;C:\Users\DenisQA\.m2\repository\com\sun\istack\istack-commons-runtime\3.0.5\istack-commons-runtime-3.0.5.jar;C:\Users\DenisQA\.m2\repository\org\jvnet\staxex\stax-ex\1.7.8\stax-ex-1.7.8.jar;C:\Users\DenisQA\.m2\repository\com\sun\xml\fastinfoset\FastInfoset\1.2.13\FastInfoset-1.2.13.jar;C:\Users\DenisQA\.m2\repository\javax\activation\activation\1.1.1\activation-1.1.1.jar;C:\Users\DenisQA\.m2\repository\ch\qos\logback\logback-classic\1.3.0-alpha4\logback-classic-1.3.0-alpha4.jar;C:\Users\DenisQA\.m2\repository\ch\qos\logback\logback-core\1.3.0-alpha4\logback-core-1.3.0-alpha4.jar;C:\Users\DenisQA\.m2\repository\org\slf4j\slf4j-api\1.8.0-beta1\slf4j-api-1.8.0-beta1.jar;C:\Users\DenisQA\.m2\repository\com\sun\mail\javax.mail\1.6.0\javax.mail-1.6.0.jar;C:\Users\DenisQA\.m2\repository\commons-io\commons-io\2.6\commons-io-2.6.jar;C:\Users\DenisQA\.m2\repository\org\gitlab4j\gitlab4j-api\4.9.0\gitlab4j-api-4.9.0.jar;C:\Users\DenisQA\.m2\repository\com\sun\activation\javax.activation\1.2.0\javax.activation-1.2.0.jar;C:\Users\DenisQA\.m2\repository\com\fasterxml\jackson\jaxrs\jackson-jaxrs-json-provider\2.9.6\jackson-jaxrs-json-provider-2.9.6.jar;C:\Users\DenisQA\.m2\repository\com\fasterxml\jackson\jaxrs\jackson-jaxrs-base\2.9.6\jackson-jaxrs-base-2.9.6.jar;C:\Users\DenisQA\.m2\repository\com\fasterxml\jackson\module\jackson-module-jaxb-annotations\2.9.6\jackson-module-jaxb-annotations-2.9.6.jar;C:\Users\DenisQA\.m2\repository\org\glassfish\jersey\inject\jersey-hk2\2.27\jersey-hk2-2.27.jar;C:\Users\DenisQA\.m2\repository\org\glassfish\jersey\core\jersey-common\2.27\jersey-common-2.27.jar;C:\Users\DenisQA\.m2\repository\javax\annotation\javax.annotation-api\1.2\javax.annotation-api-1.2.jar;C:\Users\DenisQA\.m2\repository\org\glassfish\hk2\osgi-resource-locator\1.0.1\osgi-resource-locator-1.0.1.jar;C:\Users\DenisQA\.m2\repository\org\glassfish\hk2\hk2-locator\2.5.0-b42\hk2-locator-2.5.0-b42.jar;C:\Users\DenisQA\.m2\repository\org\glassfish\hk2\external\aopalliance-repackaged\2.5.0-b42\aopalliance-repackaged-2.5.0-b42.jar;C:\Users\DenisQA\.m2\repository\org\glassfish\hk2\hk2-api\2.5.0-b42\hk2-api-2.5.0-b42.jar;C:\Users\DenisQA\.m2\repository\org\glassfish\hk2\hk2-utils\2.5.0-b42\hk2-utils-2.5.0-b42.jar;C:\Users\DenisQA\.m2\repository\org\glassfish\jersey\core\jersey-client\2.27\jersey-client-2.27.jar;C:\Users\DenisQA\.m2\repository\javax\ws\rs\javax.ws.rs-api\2.1\javax.ws.rs-api-2.1.jar;C:\Users\DenisQA\.m2\repository\org\glassfish\hk2\external\javax.inject\2.5.0-b42\javax.inject-2.5.0-b42.jar;C:\Users\DenisQA\.m2\repository\org\glassfish\jersey\connectors\jersey-apache-connector\2.27\jersey-apache-connector-2.27.jar;C:\Users\DenisQA\.m2\repository\org\glassfish\jersey\media\jersey-media-multipart\2.27\jersey-media-multipart-2.27.jar;C:\Users\DenisQA\.m2\repository\org\jvnet\mimepull\mimepull\1.9.6\mimepull-1.9.6.jar;C:\Users\DenisQA\.m2\repository\javax\servlet\javax.servlet-api\4.0.1\javax.servlet-api-4.0.1.jar;C:\Users\DenisQA\.m2\repository\com\fasterxml\jackson\core\jackson-databind\2.9.7\jackson-databind-2.9.7.jar;C:\Users\DenisQA\.m2\repository\com\fasterxml\jackson\core\jackson-core\2.9.7\jackson-core-2.9.7.jar;C:\Users\DenisQA\.m2\repository\com\fasterxml\jackson\core\jackson-annotations\2.9.7\jackson-annotations-2.9.7.jar;C:\Users\DenisQA\.m2\repository\ru\yandex\qatools\ashot\ashot\1.5.4\ashot-1.5.4.jar;C:\Users\DenisQA\.m2\repository\org\hamcrest\hamcrest-core\1.3\hamcrest-core-1.3.jar;C:\Users\DenisQA\.m2\repository\com\google\apis\google-api-services-pagespeedonline\v4-rev15-1.25.0\google-api-services-pagespeedonline-v4-rev15-1.25.0.jar;C:\Users\DenisQA\.m2\repository\com\google\api-client\google-api-client\1.25.0\google-api-client-1.25.0.jar;C:\Users\DenisQA\.m2\repository\com\google\oauth-client\google-oauth-client\1.25.0\google-oauth-client-1.25.0.jar;C:\Users\DenisQA\.m2\repository\com\google\http-client\google-http-client\1.25.0\google-http-client-1.25.0.jar;C:\Users\DenisQA\.m2\repository\com\google\http-client\google-http-client-jackson2\1.25.0\google-http-client-jackson2-1.25.0.jar;C:\Users\DenisQA\.m2\repository\com\afrozaar\wordpress\wp-api-v2-client-java\4.8.1\wp-api-v2-client-java-4.8.1.jar;C:\Users\DenisQA\.m2\repository\org\assertj\assertj-core\3.0.0\assertj-core-3.0.0.jar;C:\Users\DenisQA\.m2\repository\org\springframework\spring-web\4.1.7.RELEASE\spring-web-4.1.7.RELEASE.jar;C:\Users\DenisQA\.m2\repository\org\springframework\spring-aop\4.1.7.RELEASE\spring-aop-4.1.7.RELEASE.jar;C:\Users\DenisQA\.m2\repository\org\springframework\spring-beans\4.1.7.RELEASE\spring-beans-4.1.7.RELEASE.jar;C:\Users\DenisQA\.m2\repository\org\springframework\spring-context\4.1.7.RELEASE\spring-context-4.1.7.RELEASE.jar;C:\Users\DenisQA\.m2\repository\org\springframework\spring-expression\4.1.7.RELEASE\spring-expression-4.1.7.RELEASE.jar;C:\Users\DenisQA\.m2\repository\org\springframework\spring-core\4.1.7.RELEASE\spring-core-4.1.7.RELEASE.jar;C:\Users\DenisQA\.m2\repository\org\yaml\snakeyaml\1.15\snakeyaml-1.15.jar;C:\Users\DenisQA\.m2\repository\commons-beanutils\commons-beanutils-core\1.8.3\commons-beanutils-core-1.8.3.jar;C:\Users\DenisQA\.m2\repository\com\google\code\findbugs\jsr305\3.0.1\jsr305-3.0.1.jar;C:\Users\DenisQA\.m2\repository\com\google\guava\guava\27.0.1-jre\guava-27.0.1-jre.jar;C:\Users\DenisQA\.m2\repository\com\google\guava\failureaccess\1.0.1\failureaccess-1.0.1.jar;C:\Users\DenisQA\.m2\repository\com\google\guava\listenablefuture\9999.0-empty-to-avoid-conflict-with-guava\listenablefuture-9999.0-empty-to-avoid-conflict-with-guava.jar;C:\Users\DenisQA\.m2\repository\org\checkerframework\checker-qual\2.5.2\checker-qual-2.5.2.jar;C:\Users\DenisQA\.m2\repository\com\google\errorprone\error_prone_annotations\2.2.0\error_prone_annotations-2.2.0.jar;C:\Users\DenisQA\.m2\repository\com\google\j2objc\j2objc-annotations\1.1\j2objc-annotations-1.1.jar;C:\Users\DenisQA\.m2\repository\org\codehaus\mojo\animal-sniffer-annotations\1.17\animal-sniffer-annotations-1.17.jar;C:\Users\DenisQA\.m2\repository\org\apache\maven\surefire\surefire-testng-utils\2.21.0\surefire-testng-utils-2.21.0.jar;C:\Users\DenisQA\.m2\repository\org\apache\maven\surefire\surefire-grouper\2.21.0\surefire-grouper-2.21.0.jar;"/>
    <property name="java.vm.vendor" value="Oracle Corporation"/>
    <property name="sun.arch.data.model" value="64"/>
    <property name="user.variant" value=""/>
    <property name="java.vendor.url" value="http://java.oracle.com/"/>
    <property name="user.timezone" value=""/>
    <property name="java.vm.specification.version" value="1.8"/>
    <property name="os.name" value="Windows 10"/>
    <property name="user.country" value="US"/>
    <property name="sun.java.launcher" value="SUN_STANDARD"/>
    <property name="sun.boot.library.path" value="C:\Program Files\Java\jdk1.8.0_172\jre\bin"/>
    <property name="sun.java.command" value="C:\Users\DenisQA\AppData\Local\Temp\surefire366520343758182184\surefirebooter7568484194950626762.jar C:\Users\DenisQA\AppData\Local\Temp\surefire366520343758182184 2018-12-28T16-03-37_434-jvmRun1 surefire1914985705988441695tmp surefire_07815771804321202754tmp"/>
    <property name="surefire.test.class.path" value="C:\Projects\crossbrowser-testing\target\test-classes;C:\Projects\crossbrowser-testing\target\classes;C:\Users\DenisQA\.m2\repository\org\jsoup\jsoup\1.8.3\jsoup-1.8.3.jar;C:\Users\DenisQA\.m2\repository\org\uncommons\reportng\1.1.4\reportng-1.1.4.jar;C:\Users\DenisQA\.m2\repository\velocity\velocity\1.4\velocity-1.4.jar;C:\Users\DenisQA\.m2\repository\velocity\velocity-dep\1.4\velocity-dep-1.4.jar;C:\Users\DenisQA\.m2\repository\com\google\inject\guice\3.0\guice-3.0.jar;C:\Users\DenisQA\.m2\repository\javax\inject\javax.inject\1\javax.inject-1.jar;C:\Users\DenisQA\.m2\repository\aopalliance\aopalliance\1.0\aopalliance-1.0.jar;C:\Users\DenisQA\.m2\repository\org\seleniumhq\selenium\selenium-java\3.12.0\selenium-java-3.12.0.jar;C:\Users\DenisQA\.m2\repository\org\seleniumhq\selenium\selenium-api\3.12.0\selenium-api-3.12.0.jar;C:\Users\DenisQA\.m2\repository\org\seleniumhq\selenium\selenium-chrome-driver\3.12.0\selenium-chrome-driver-3.12.0.jar;C:\Users\DenisQA\.m2\repository\org\seleniumhq\selenium\selenium-edge-driver\3.12.0\selenium-edge-driver-3.12.0.jar;C:\Users\DenisQA\.m2\repository\org\seleniumhq\selenium\selenium-firefox-driver\3.12.0\selenium-firefox-driver-3.12.0.jar;C:\Users\DenisQA\.m2\repository\org\seleniumhq\selenium\selenium-ie-driver\3.12.0\selenium-ie-driver-3.12.0.jar;C:\Users\DenisQA\.m2\repository\org\seleniumhq\selenium\selenium-opera-driver\3.12.0\selenium-opera-driver-3.12.0.jar;C:\Users\DenisQA\.m2\repository\org\seleniumhq\selenium\selenium-remote-driver\3.12.0\selenium-remote-driver-3.12.0.jar;C:\Users\DenisQA\.m2\repository\org\seleniumhq\selenium\selenium-safari-driver\3.12.0\selenium-safari-driver-3.12.0.jar;C:\Users\DenisQA\.m2\repository\org\seleniumhq\selenium\selenium-support\3.12.0\selenium-support-3.12.0.jar;C:\Users\DenisQA\.m2\repository\net\bytebuddy\byte-buddy\1.8.3\byte-buddy-1.8.3.jar;C:\Users\DenisQA\.m2\repository\org\apache\commons\commons-exec\1.3\commons-exec-1.3.jar;C:\Users\DenisQA\.m2\repository\commons-codec\commons-codec\1.10\commons-codec-1.10.jar;C:\Users\DenisQA\.m2\repository\commons-logging\commons-logging\1.2\commons-logging-1.2.jar;C:\Users\DenisQA\.m2\repository\org\apache\httpcomponents\httpclient\4.5.3\httpclient-4.5.3.jar;C:\Users\DenisQA\.m2\repository\org\apache\httpcomponents\httpcore\4.4.6\httpcore-4.4.6.jar;C:\Users\DenisQA\.m2\repository\com\squareup\okhttp3\okhttp\3.9.1\okhttp-3.9.1.jar;C:\Users\DenisQA\.m2\repository\com\squareup\okio\okio\1.13.0\okio-1.13.0.jar;C:\Users\DenisQA\.m2\repository\org\testng\testng\6.14.3\testng-6.14.3.jar;C:\Users\DenisQA\.m2\repository\org\apache-extras\beanshell\bsh\2.0b6\bsh-2.0b6.jar;C:\Users\DenisQA\.m2\repository\org\hamcrest\java-hamcrest\2.0.0.0\java-hamcrest-2.0.0.0.jar;C:\Users\DenisQA\.m2\repository\com\beust\jcommander\1.72\jcommander-1.72.jar;C:\Users\DenisQA\.m2\repository\com\thoughtworks\xstream\xstream\1.4.10\xstream-1.4.10.jar;C:\Users\DenisQA\.m2\repository\xmlpull\xmlpull\1.1.3.1\xmlpull-1.1.3.1.jar;C:\Users\DenisQA\.m2\repository\xpp3\xpp3_min\1.1.4c\xpp3_min-1.1.4c.jar;C:\Users\DenisQA\.m2\repository\com\google\code\gson\gson\2.8.2\gson-2.8.2.jar;C:\Users\DenisQA\.m2\repository\mysql\mysql-connector-java\6.0.6\mysql-connector-java-6.0.6.jar;C:\Users\DenisQA\.m2\repository\org\hibernate\hibernate-core\5.2.12.Final\hibernate-core-5.2.12.Final.jar;C:\Users\DenisQA\.m2\repository\org\jboss\logging\jboss-logging\3.3.0.Final\jboss-logging-3.3.0.Final.jar;C:\Users\DenisQA\.m2\repository\org\hibernate\javax\persistence\hibernate-jpa-2.1-api\1.0.0.Final\hibernate-jpa-2.1-api-1.0.0.Final.jar;C:\Users\DenisQA\.m2\repository\org\javassist\javassist\3.20.0-GA\javassist-3.20.0-GA.jar;C:\Users\DenisQA\.m2\repository\antlr\antlr\2.7.7\antlr-2.7.7.jar;C:\Users\DenisQA\.m2\repository\org\jboss\spec\javax\transaction\jboss-transaction-api_1.2_spec\1.0.1.Final\jboss-transaction-api_1.2_spec-1.0.1.Final.jar;C:\Users\DenisQA\.m2\repository\org\jboss\jandex\2.0.3.Final\jandex-2.0.3.Final.jar;C:\Users\DenisQA\.m2\repository\com\fasterxml\classmate\1.3.0\classmate-1.3.0.jar;C:\Users\DenisQA\.m2\repository\dom4j\dom4j\1.6.1\dom4j-1.6.1.jar;C:\Users\DenisQA\.m2\repository\org\hibernate\common\hibernate-commons-annotations\5.0.1.Final\hibernate-commons-annotations-5.0.1.Final.jar;C:\Users\DenisQA\.m2\repository\javax\xml\bind\jaxb-api\2.3.0\jaxb-api-2.3.0.jar;C:\Users\DenisQA\.m2\repository\com\sun\xml\bind\jaxb-impl\2.3.0\jaxb-impl-2.3.0.jar;C:\Users\DenisQA\.m2\repository\org\glassfish\jaxb\jaxb-runtime\2.3.0\jaxb-runtime-2.3.0.jar;C:\Users\DenisQA\.m2\repository\org\glassfish\jaxb\jaxb-core\2.3.0\jaxb-core-2.3.0.jar;C:\Users\DenisQA\.m2\repository\org\glassfish\jaxb\txw2\2.3.0\txw2-2.3.0.jar;C:\Users\DenisQA\.m2\repository\com\sun\istack\istack-commons-runtime\3.0.5\istack-commons-runtime-3.0.5.jar;C:\Users\DenisQA\.m2\repository\org\jvnet\staxex\stax-ex\1.7.8\stax-ex-1.7.8.jar;C:\Users\DenisQA\.m2\repository\com\sun\xml\fastinfoset\FastInfoset\1.2.13\FastInfoset-1.2.13.jar;C:\Users\DenisQA\.m2\repository\javax\activation\activation\1.1.1\activation-1.1.1.jar;C:\Users\DenisQA\.m2\repository\ch\qos\logback\logback-classic\1.3.0-alpha4\logback-classic-1.3.0-alpha4.jar;C:\Users\DenisQA\.m2\repository\ch\qos\logback\logback-core\1.3.0-alpha4\logback-core-1.3.0-alpha4.jar;C:\Users\DenisQA\.m2\repository\org\slf4j\slf4j-api\1.8.0-beta1\slf4j-api-1.8.0-beta1.jar;C:\Users\DenisQA\.m2\repository\com\sun\mail\javax.mail\1.6.0\javax.mail-1.6.0.jar;C:\Users\DenisQA\.m2\repository\commons-io\commons-io\2.6\commons-io-2.6.jar;C:\Users\DenisQA\.m2\repository\org\gitlab4j\gitlab4j-api\4.9.0\gitlab4j-api-4.9.0.jar;C:\Users\DenisQA\.m2\repository\com\sun\activation\javax.activation\1.2.0\javax.activation-1.2.0.jar;C:\Users\DenisQA\.m2\repository\com\fasterxml\jackson\jaxrs\jackson-jaxrs-json-provider\2.9.6\jackson-jaxrs-json-provider-2.9.6.jar;C:\Users\DenisQA\.m2\repository\com\fasterxml\jackson\jaxrs\jackson-jaxrs-base\2.9.6\jackson-jaxrs-base-2.9.6.jar;C:\Users\DenisQA\.m2\repository\com\fasterxml\jackson\module\jackson-module-jaxb-annotations\2.9.6\jackson-module-jaxb-annotations-2.9.6.jar;C:\Users\DenisQA\.m2\repository\org\glassfish\jersey\inject\jersey-hk2\2.27\jersey-hk2-2.27.jar;C:\Users\DenisQA\.m2\repository\org\glassfish\jersey\core\jersey-common\2.27\jersey-common-2.27.jar;C:\Users\DenisQA\.m2\repository\javax\annotation\javax.annotation-api\1.2\javax.annotation-api-1.2.jar;C:\Users\DenisQA\.m2\repository\org\glassfish\hk2\osgi-resource-locator\1.0.1\osgi-resource-locator-1.0.1.jar;C:\Users\DenisQA\.m2\repository\org\glassfish\hk2\hk2-locator\2.5.0-b42\hk2-locator-2.5.0-b42.jar;C:\Users\DenisQA\.m2\repository\org\glassfish\hk2\external\aopalliance-repackaged\2.5.0-b42\aopalliance-repackaged-2.5.0-b42.jar;C:\Users\DenisQA\.m2\repository\org\glassfish\hk2\hk2-api\2.5.0-b42\hk2-api-2.5.0-b42.jar;C:\Users\DenisQA\.m2\repository\org\glassfish\hk2\hk2-utils\2.5.0-b42\hk2-utils-2.5.0-b42.jar;C:\Users\DenisQA\.m2\repository\org\glassfish\jersey\core\jersey-client\2.27\jersey-client-2.27.jar;C:\Users\DenisQA\.m2\repository\javax\ws\rs\javax.ws.rs-api\2.1\javax.ws.rs-api-2.1.jar;C:\Users\DenisQA\.m2\repository\org\glassfish\hk2\external\javax.inject\2.5.0-b42\javax.inject-2.5.0-b42.jar;C:\Users\DenisQA\.m2\repository\org\glassfish\jersey\connectors\jersey-apache-connector\2.27\jersey-apache-connector-2.27.jar;C:\Users\DenisQA\.m2\repository\org\glassfish\jersey\media\jersey-media-multipart\2.27\jersey-media-multipart-2.27.jar;C:\Users\DenisQA\.m2\repository\org\jvnet\mimepull\mimepull\1.9.6\mimepull-1.9.6.jar;C:\Users\DenisQA\.m2\repository\javax\servlet\javax.servlet-api\4.0.1\javax.servlet-api-4.0.1.jar;C:\Users\DenisQA\.m2\repository\com\fasterxml\jackson\core\jackson-databind\2.9.7\jackson-databind-2.9.7.jar;C:\Users\DenisQA\.m2\repository\com\fasterxml\jackson\core\jackson-core\2.9.7\jackson-core-2.9.7.jar;C:\Users\DenisQA\.m2\repository\com\fasterxml\jackson\core\jackson-annotations\2.9.7\jackson-annotations-2.9.7.jar;C:\Users\DenisQA\.m2\repository\ru\yandex\qatools\ashot\ashot\1.5.4\ashot-1.5.4.jar;C:\Users\DenisQA\.m2\repository\org\hamcrest\hamcrest-core\1.3\hamcrest-core-1.3.jar;C:\Users\DenisQA\.m2\repository\com\google\apis\google-api-services-pagespeedonline\v4-rev15-1.25.0\google-api-services-pagespeedonline-v4-rev15-1.25.0.jar;C:\Users\DenisQA\.m2\repository\com\google\api-client\google-api-client\1.25.0\google-api-client-1.25.0.jar;C:\Users\DenisQA\.m2\repository\com\google\oauth-client\google-oauth-client\1.25.0\google-oauth-client-1.25.0.jar;C:\Users\DenisQA\.m2\repository\com\google\http-client\google-http-client\1.25.0\google-http-client-1.25.0.jar;C:\Users\DenisQA\.m2\repository\com\google\http-client\google-http-client-jackson2\1.25.0\google-http-client-jackson2-1.25.0.jar;C:\Users\DenisQA\.m2\repository\com\afrozaar\wordpress\wp-api-v2-client-java\4.8.1\wp-api-v2-client-java-4.8.1.jar;C:\Users\DenisQA\.m2\repository\org\assertj\assertj-core\3.0.0\assertj-core-3.0.0.jar;C:\Users\DenisQA\.m2\repository\org\springframework\spring-web\4.1.7.RELEASE\spring-web-4.1.7.RELEASE.jar;C:\Users\DenisQA\.m2\repository\org\springframework\spring-aop\4.1.7.RELEASE\spring-aop-4.1.7.RELEASE.jar;C:\Users\DenisQA\.m2\repository\org\springframework\spring-beans\4.1.7.RELEASE\spring-beans-4.1.7.RELEASE.jar;C:\Users\DenisQA\.m2\repository\org\springframework\spring-context\4.1.7.RELEASE\spring-context-4.1.7.RELEASE.jar;C:\Users\DenisQA\.m2\repository\org\springframework\spring-expression\4.1.7.RELEASE\spring-expression-4.1.7.RELEASE.jar;C:\Users\DenisQA\.m2\repository\org\springframework\spring-core\4.1.7.RELEASE\spring-core-4.1.7.RELEASE.jar;C:\Users\DenisQA\.m2\repository\org\yaml\snakeyaml\1.15\snakeyaml-1.15.jar;C:\Users\DenisQA\.m2\repository\commons-beanutils\commons-beanutils-core\1.8.3\commons-beanutils-core-1.8.3.jar;C:\Users\DenisQA\.m2\repository\com\google\code\findbugs\jsr305\3.0.1\jsr305-3.0.1.jar;C:\Users\DenisQA\.m2\repository\com\google\guava\guava\27.0.1-jre\guava-27.0.1-jre.jar;C:\Users\DenisQA\.m2\repository\com\google\guava\failureaccess\1.0.1\failureaccess-1.0.1.jar;C:\Users\DenisQA\.m2\repository\com\google\guava\listenablefuture\9999.0-empty-to-avoid-conflict-with-guava\listenablefuture-9999.0-empty-to-avoid-conflict-with-guava.jar;C:\Users\DenisQA\.m2\repository\org\checkerframework\checker-qual\2.5.2\checker-qual-2.5.2.jar;C:\Users\DenisQA\.m2\repository\com\google\errorprone\error_prone_annotations\2.2.0\error_prone_annotations-2.2.0.jar;C:\Users\DenisQA\.m2\repository\com\google\j2objc\j2objc-annotations\1.1\j2objc-annotations-1.1.jar;C:\Users\DenisQA\.m2\repository\org\codehaus\mojo\animal-sniffer-annotations\1.17\animal-sniffer-annotations-1.17.jar;C:\Users\DenisQA\.m2\repository\org\apache\maven\surefire\surefire-testng-utils\2.21.0\surefire-testng-utils-2.21.0.jar;C:\Users\DenisQA\.m2\repository\org\apache\maven\surefire\surefire-grouper\2.21.0\surefire-grouper-2.21.0.jar;"/>
    <property name="sun.cpu.endian" value="little"/>
    <property name="user.home" value="C:\Users\DenisQA"/>
    <property name="user.language" value="en"/>
    <property name="java.specification.vendor" value="Oracle Corporation"/>
    <property name="java.home" value="C:\Program Files\Java\jdk1.8.0_172\jre"/>
    <property name="basedir" value="C:\Projects\crossbrowser-testing"/>
    <property name="file.separator" value="\"/>
    <property name="line.separator" value="&#10;"/>
    <property name="java.vm.specification.vendor" value="Oracle Corporation"/>
    <property name="java.specification.name" value="Java Platform API Specification"/>
    <property name="java.awt.graphicsenv" value="sun.awt.Win32GraphicsEnvironment"/>
    <property name="surefire.real.class.path" value="C:\Users\DenisQA\AppData\Local\Temp\surefire366520343758182184\surefirebooter7568484194950626762.jar"/>
    <property name="sun.boot.class.path" value="C:\Program Files\Java\jdk1.8.0_172\jre\lib\resources.jar;C:\Program Files\Java\jdk1.8.0_172\jre\lib\rt.jar;C:\Program Files\Java\jdk1.8.0_172\jre\lib\sunrsasign.jar;C:\Program Files\Java\jdk1.8.0_172\jre\lib\jsse.jar;C:\Program Files\Java\jdk1.8.0_172\jre\lib\jce.jar;C:\Program Files\Java\jdk1.8.0_172\jre\lib\charsets.jar;C:\Program Files\Java\jdk1.8.0_172\jre\lib\jfr.jar;C:\Program Files\Java\jdk1.8.0_172\jre\classes"/>
    <property name="user.script" value=""/>
    <property name="sun.management.compiler" value="HotSpot 64-Bit Tiered Compilers"/>
    <property name="java.runtime.version" value="1.8.0_172-b11"/>
    <property name="user.name" value="DenisQA"/>
    <property name="path.separator" value=";"/>
    <property name="os.version" value="10.0"/>
    <property name="java.endorsed.dirs" value="C:\Program Files\Java\jdk1.8.0_172\jre\lib\endorsed"/>
    <property name="java.runtime.name" value="Java(TM) SE Runtime Environment"/>
    <property name="file.encoding" value="Cp1252"/>
    <property name="java.vm.name" value="Java HotSpot(TM) 64-Bit Server VM"/>
    <property name="localRepository" value="C:\Users\DenisQA\.m2\repository"/>
    <property name="java.vendor.url.bug" value="http://bugreport.sun.com/bugreport/"/>
    <property name="java.io.tmpdir" value="C:\Users\DenisQA\AppData\Local\Temp\"/>
    <property name="idea.version" value="2018.3.1"/>
    <property name="java.version" value="1.8.0_172"/>
    <property name="user.dir" value="C:\Projects\crossbrowser-testing"/>
    <property name="os.arch" value="amd64"/>
    <property name="java.vm.specification.name" value="Java Virtual Machine Specification"/>
    <property name="java.awt.printerjob" value="sun.awt.windows.WPrinterJob"/>
    <property name="sun.os.patch.level" value=""/>
    <property name="java.library.path" value="C:\Program Files\Java\jdk1.8.0_172\jre\bin;C:\WINDOWS\Sun\Java\bin;C:\WINDOWS\system32;C:\WINDOWS;C:\ProgramData\DockerDesktop\version-bin;C:\Program Files\Docker\Docker\Resources\bin;C:\Program Files (x86)\Common Files\Oracle\Java\javapath;C:\ProgramData\Oracle\Java\javapath;C:\WINDOWS\system32;C:\WINDOWS;C:\WINDOWS\System32\Wbem;C:\WINDOWS\System32\WindowsPowerShell\v1.0\;C:\Program Files\Maven\apache-maven-3.5.4\bin;C:\Program Files\Java\jdk1.8.0_172\bin;C:\Windows\System32;C:\Program Files\Git\cmd;&quot;C:\Users\DenisQA\AppData\Local\Android\sdk\tools;C:\Users\DenisQA\AppData\Local\Android\sdk\platform-tools;C:\Users\DenisQA\AppData\Local\Android\sdk\build-tools&quot;;C:\PHP;C:\Program Files\nodejs\;C:\WINDOWS\System32\OpenSSH\;C:\Users\DenisQA\AppData\Local\Microsoft\WindowsApps;C:\Users\DenisQA\AppData\Local\GitHubDesktop\bin;C:\Users\DenisQA\AppData\Roaming\npm;C:\Users\DenisQA\AppData\Local\Microsoft\WindowsApps;;."/>
    <property name="java.vm.info" value="mixed mode"/>
    <property name="java.vendor" value="Oracle Corporation"/>
    <property name="java.vm.version" value="25.172-b11"/>
    <property name="java.ext.dirs" value="C:\Program Files\Java\jdk1.8.0_172\jre\lib\ext;C:\WINDOWS\Sun\Java\lib\ext"/>
    <property name="sun.io.unicode.encoding" value="UnicodeLittle"/>
    <property name="java.class.version" value="52.0"/>
  </properties>
  <testcase name="testOpenUrl" classname="CrossbrowserTest" time="2.541"/>
</testsuite>